2024-11-17 20:42:39,989 - INFO - Processing 108 files from C:\Users\pavan\OneDrive\Desktop\gait anlaysis\forensic-gait-analysis\runs\pose\predict\labels
2024-11-17 20:42:40,002 - INFO - Successfully loaded 108 valid frames out of 108 total frames
2024-11-17 20:42:40,004 - INFO - Processing 142 files from C:\Users\pavan\OneDrive\Desktop\gait anlaysis\forensic-gait-analysis\runs\pose\predict2\labels
2024-11-17 20:42:40,020 - INFO - Successfully loaded 142 valid frames out of 142 total frames
2024-11-17 20:42:40,020 - INFO - Processing sequence with shape: (108, 56)
2024-11-17 20:42:40,021 - INFO - Successfully extracted 108 valid frames
2024-11-17 20:42:40,034 - INFO - Processing sequence with shape: (142, 56)
2024-11-17 20:42:40,035 - INFO - Successfully extracted 142 valid frames
2024-11-17 20:42:40,036 - ERROR - Error calculating features for frame 0: name 'calculate_angle' is not defined
2024-11-17 20:42:40,036 - ERROR - Error calculating features for frame 1: name 'calculate_angle' is not defined
2024-11-17 20:42:40,036 - ERROR - Error calculating features for frame 2: name 'calculate_angle' is not defined
2024-11-17 20:42:40,036 - ERROR - Error calculating features for frame 3: name 'calculate_angle' is not defined
2024-11-17 20:42:40,036 - ERROR - Error calculating features for frame 4: name 'calculate_angle' is not defined
2024-11-17 20:42:40,036 - ERROR - Error calculating features for frame 5: name 'calculate_angle' is not defined
2024-11-17 20:42:40,037 - ERROR - Error calculating features for frame 6: name 'calculate_angle' is not defined
2024-11-17 20:42:40,037 - ERROR - Error calculating features for frame 7: name 'calculate_angle' is not defined
2024-11-17 20:42:40,037 - ERROR - Error calculating features for frame 8: name 'calculate_angle' is not defined
2024-11-17 20:42:40,037 - ERROR - Error calculating features for frame 9: name 'calculate_angle' is not defined
2024-11-17 20:42:40,037 - ERROR - Error calculating features for frame 10: name 'calculate_angle' is not defined
2024-11-17 20:42:40,037 - ERROR - Error calculating features for frame 11: name 'calculate_angle' is not defined
2024-11-17 20:42:40,037 - ERROR - Error calculating features for frame 12: name 'calculate_angle' is not defined
2024-11-17 20:42:40,037 - ERROR - Error calculating features for frame 13: name 'calculate_angle' is not defined
2024-11-17 20:42:40,037 - ERROR - Error calculating features for frame 14: name 'calculate_angle' is not defined
2024-11-17 20:42:40,037 - ERROR - Error calculating features for frame 15: name 'calculate_angle' is not defined
2024-11-17 20:42:40,037 - ERROR - Error calculating features for frame 16: name 'calculate_angle' is not defined
2024-11-17 20:42:40,037 - ERROR - Error calculating features for frame 17: name 'calculate_angle' is not defined
2024-11-17 20:42:40,037 - ERROR - Error calculating features for frame 18: name 'calculate_angle' is not defined
2024-11-17 20:42:40,037 - ERROR - Error calculating features for frame 19: name 'calculate_angle' is not defined
2024-11-17 20:42:40,037 - ERROR - Error calculating features for frame 20: name 'calculate_angle' is not defined
2024-11-17 20:42:40,037 - ERROR - Error calculating features for frame 21: name 'calculate_angle' is not defined
2024-11-17 20:42:40,037 - ERROR - Error calculating features for frame 22: name 'calculate_angle' is not defined
2024-11-17 20:42:40,038 - ERROR - Error calculating features for frame 23: name 'calculate_angle' is not defined
2024-11-17 20:42:40,038 - ERROR - Error calculating features for frame 24: name 'calculate_angle' is not defined
2024-11-17 20:42:40,038 - ERROR - Error calculating features for frame 25: name 'calculate_angle' is not defined
2024-11-17 20:42:40,038 - ERROR - Error calculating features for frame 26: name 'calculate_angle' is not defined
2024-11-17 20:42:40,038 - ERROR - Error calculating features for frame 27: name 'calculate_angle' is not defined
2024-11-17 20:42:40,038 - ERROR - Error calculating features for frame 28: name 'calculate_angle' is not defined
2024-11-17 20:42:40,038 - ERROR - Error calculating features for frame 29: name 'calculate_angle' is not defined
2024-11-17 20:42:40,038 - ERROR - Error calculating features for frame 30: name 'calculate_angle' is not defined
2024-11-17 20:42:40,038 - ERROR - Error calculating features for frame 31: name 'calculate_angle' is not defined
2024-11-17 20:42:40,038 - ERROR - Error calculating features for frame 32: name 'calculate_angle' is not defined
2024-11-17 20:42:40,038 - ERROR - Error calculating features for frame 33: name 'calculate_angle' is not defined
2024-11-17 20:42:40,038 - ERROR - Error calculating features for frame 34: name 'calculate_angle' is not defined
2024-11-17 20:42:40,038 - ERROR - Error calculating features for frame 35: name 'calculate_angle' is not defined
2024-11-17 20:42:40,038 - ERROR - Error calculating features for frame 36: name 'calculate_angle' is not defined
2024-11-17 20:42:40,038 - ERROR - Error calculating features for frame 37: name 'calculate_angle' is not defined
2024-11-17 20:42:40,038 - ERROR - Error calculating features for frame 38: name 'calculate_angle' is not defined
2024-11-17 20:42:40,038 - ERROR - Error calculating features for frame 39: name 'calculate_angle' is not defined
2024-11-17 20:42:40,038 - ERROR - Error calculating features for frame 40: name 'calculate_angle' is not defined
2024-11-17 20:42:40,038 - ERROR - Error calculating features for frame 41: name 'calculate_angle' is not defined
2024-11-17 20:42:40,039 - ERROR - Error calculating features for frame 42: name 'calculate_angle' is not defined
2024-11-17 20:42:40,039 - ERROR - Error calculating features for frame 43: name 'calculate_angle' is not defined
2024-11-17 20:42:40,039 - ERROR - Error calculating features for frame 44: name 'calculate_angle' is not defined
2024-11-17 20:42:40,039 - ERROR - Error calculating features for frame 45: name 'calculate_angle' is not defined
2024-11-17 20:42:40,039 - ERROR - Error calculating features for frame 46: name 'calculate_angle' is not defined
2024-11-17 20:42:40,039 - ERROR - Error calculating features for frame 47: name 'calculate_angle' is not defined
2024-11-17 20:42:40,039 - ERROR - Error calculating features for frame 48: name 'calculate_angle' is not defined
2024-11-17 20:42:40,039 - ERROR - Error calculating features for frame 49: name 'calculate_angle' is not defined
2024-11-17 20:42:40,039 - ERROR - Error calculating features for frame 50: name 'calculate_angle' is not defined
2024-11-17 20:42:40,039 - ERROR - Error calculating features for frame 51: name 'calculate_angle' is not defined
2024-11-17 20:42:40,039 - ERROR - Error calculating features for frame 52: name 'calculate_angle' is not defined
2024-11-17 20:42:40,039 - ERROR - Error calculating features for frame 53: name 'calculate_angle' is not defined
2024-11-17 20:42:40,039 - ERROR - Error calculating features for frame 54: name 'calculate_angle' is not defined
2024-11-17 20:42:40,039 - ERROR - Error calculating features for frame 55: name 'calculate_angle' is not defined
2024-11-17 20:42:40,039 - ERROR - Error calculating features for frame 56: name 'calculate_angle' is not defined
2024-11-17 20:42:40,039 - ERROR - Error calculating features for frame 57: name 'calculate_angle' is not defined
2024-11-17 20:42:40,039 - ERROR - Error calculating features for frame 58: name 'calculate_angle' is not defined
2024-11-17 20:42:40,039 - ERROR - Error calculating features for frame 59: name 'calculate_angle' is not defined
2024-11-17 20:42:40,039 - ERROR - Error calculating features for frame 60: name 'calculate_angle' is not defined
2024-11-17 20:42:40,040 - ERROR - Error calculating features for frame 61: name 'calculate_angle' is not defined
2024-11-17 20:42:40,040 - ERROR - Error calculating features for frame 62: name 'calculate_angle' is not defined
2024-11-17 20:42:40,040 - ERROR - Error calculating features for frame 63: name 'calculate_angle' is not defined
2024-11-17 20:42:40,040 - ERROR - Error calculating features for frame 64: name 'calculate_angle' is not defined
2024-11-17 20:42:40,040 - ERROR - Error calculating features for frame 65: name 'calculate_angle' is not defined
2024-11-17 20:42:40,040 - ERROR - Error calculating features for frame 66: name 'calculate_angle' is not defined
2024-11-17 20:42:40,040 - ERROR - Error calculating features for frame 67: name 'calculate_angle' is not defined
2024-11-17 20:42:40,040 - ERROR - Error calculating features for frame 68: name 'calculate_angle' is not defined
2024-11-17 20:42:40,040 - ERROR - Error calculating features for frame 69: name 'calculate_angle' is not defined
2024-11-17 20:42:40,040 - ERROR - Error calculating features for frame 70: name 'calculate_angle' is not defined
2024-11-17 20:42:40,040 - ERROR - Error calculating features for frame 71: name 'calculate_angle' is not defined
2024-11-17 20:42:40,040 - ERROR - Error calculating features for frame 72: name 'calculate_angle' is not defined
2024-11-17 20:42:40,040 - ERROR - Error calculating features for frame 73: name 'calculate_angle' is not defined
2024-11-17 20:42:40,040 - ERROR - Error calculating features for frame 74: name 'calculate_angle' is not defined
2024-11-17 20:42:40,040 - ERROR - Error calculating features for frame 75: name 'calculate_angle' is not defined
2024-11-17 20:42:40,040 - ERROR - Error calculating features for frame 76: name 'calculate_angle' is not defined
2024-11-17 20:42:40,040 - ERROR - Error calculating features for frame 77: name 'calculate_angle' is not defined
2024-11-17 20:42:40,040 - ERROR - Error calculating features for frame 78: name 'calculate_angle' is not defined
2024-11-17 20:42:40,041 - ERROR - Error calculating features for frame 79: name 'calculate_angle' is not defined
2024-11-17 20:42:40,041 - ERROR - Error calculating features for frame 80: name 'calculate_angle' is not defined
2024-11-17 20:42:40,041 - ERROR - Error calculating features for frame 81: name 'calculate_angle' is not defined
2024-11-17 20:42:40,041 - ERROR - Error calculating features for frame 82: name 'calculate_angle' is not defined
2024-11-17 20:42:40,041 - ERROR - Error calculating features for frame 83: name 'calculate_angle' is not defined
2024-11-17 20:42:40,041 - ERROR - Error calculating features for frame 84: name 'calculate_angle' is not defined
2024-11-17 20:42:40,041 - ERROR - Error calculating features for frame 85: name 'calculate_angle' is not defined
2024-11-17 20:42:40,041 - ERROR - Error calculating features for frame 86: name 'calculate_angle' is not defined
2024-11-17 20:42:40,041 - ERROR - Error calculating features for frame 87: name 'calculate_angle' is not defined
2024-11-17 20:42:40,041 - ERROR - Error calculating features for frame 88: name 'calculate_angle' is not defined
2024-11-17 20:42:40,041 - ERROR - Error calculating features for frame 89: name 'calculate_angle' is not defined
2024-11-17 20:42:40,041 - ERROR - Error calculating features for frame 90: name 'calculate_angle' is not defined
2024-11-17 20:42:40,041 - ERROR - Error calculating features for frame 91: name 'calculate_angle' is not defined
2024-11-17 20:42:40,041 - ERROR - Error calculating features for frame 92: name 'calculate_angle' is not defined
2024-11-17 20:42:40,041 - ERROR - Error calculating features for frame 93: name 'calculate_angle' is not defined
2024-11-17 20:42:40,041 - ERROR - Error calculating features for frame 94: name 'calculate_angle' is not defined
2024-11-17 20:42:40,041 - ERROR - Error calculating features for frame 95: name 'calculate_angle' is not defined
2024-11-17 20:42:40,041 - ERROR - Error calculating features for frame 96: name 'calculate_angle' is not defined
2024-11-17 20:42:40,041 - ERROR - Error calculating features for frame 97: name 'calculate_angle' is not defined
2024-11-17 20:42:40,041 - ERROR - Error calculating features for frame 98: name 'calculate_angle' is not defined
2024-11-17 20:42:40,041 - ERROR - Error calculating features for frame 99: name 'calculate_angle' is not defined
2024-11-17 20:42:40,041 - ERROR - Error calculating features for frame 100: name 'calculate_angle' is not defined
2024-11-17 20:42:40,042 - ERROR - Error calculating features for frame 101: name 'calculate_angle' is not defined
2024-11-17 20:42:40,042 - ERROR - Error calculating features for frame 102: name 'calculate_angle' is not defined
2024-11-17 20:42:40,042 - ERROR - Error calculating features for frame 103: name 'calculate_angle' is not defined
2024-11-17 20:42:40,042 - ERROR - Error calculating features for frame 104: name 'calculate_angle' is not defined
2024-11-17 20:42:40,042 - ERROR - Error calculating features for frame 105: name 'calculate_angle' is not defined
2024-11-17 20:42:40,042 - ERROR - Error calculating features for frame 106: name 'calculate_angle' is not defined
2024-11-17 20:42:40,042 - ERROR - Error calculating features for frame 107: name 'calculate_angle' is not defined
2024-11-17 20:42:40,042 - ERROR - Error calculating features for frame 0: name 'calculate_angle' is not defined
2024-11-17 20:42:40,042 - ERROR - Error calculating features for frame 1: name 'calculate_angle' is not defined
2024-11-17 20:42:40,042 - ERROR - Error calculating features for frame 2: name 'calculate_angle' is not defined
2024-11-17 20:42:40,042 - ERROR - Error calculating features for frame 3: name 'calculate_angle' is not defined
2024-11-17 20:42:40,042 - ERROR - Error calculating features for frame 4: name 'calculate_angle' is not defined
2024-11-17 20:42:40,042 - ERROR - Error calculating features for frame 5: name 'calculate_angle' is not defined
2024-11-17 20:42:40,042 - ERROR - Error calculating features for frame 6: name 'calculate_angle' is not defined
2024-11-17 20:42:40,042 - ERROR - Error calculating features for frame 7: name 'calculate_angle' is not defined
2024-11-17 20:42:40,042 - ERROR - Error calculating features for frame 8: name 'calculate_angle' is not defined
2024-11-17 20:42:40,042 - ERROR - Error calculating features for frame 9: name 'calculate_angle' is not defined
2024-11-17 20:42:40,042 - ERROR - Error calculating features for frame 10: name 'calculate_angle' is not defined
2024-11-17 20:42:40,042 - ERROR - Error calculating features for frame 11: name 'calculate_angle' is not defined
2024-11-17 20:42:40,042 - ERROR - Error calculating features for frame 12: name 'calculate_angle' is not defined
2024-11-17 20:42:40,042 - ERROR - Error calculating features for frame 13: name 'calculate_angle' is not defined
2024-11-17 20:42:40,042 - ERROR - Error calculating features for frame 14: name 'calculate_angle' is not defined
2024-11-17 20:42:40,043 - ERROR - Error calculating features for frame 15: name 'calculate_angle' is not defined
2024-11-17 20:42:40,043 - ERROR - Error calculating features for frame 16: name 'calculate_angle' is not defined
2024-11-17 20:42:40,043 - ERROR - Error calculating features for frame 17: name 'calculate_angle' is not defined
2024-11-17 20:42:40,043 - ERROR - Error calculating features for frame 18: name 'calculate_angle' is not defined
2024-11-17 20:42:40,043 - ERROR - Error calculating features for frame 19: name 'calculate_angle' is not defined
2024-11-17 20:42:40,043 - ERROR - Error calculating features for frame 20: name 'calculate_angle' is not defined
2024-11-17 20:42:40,043 - ERROR - Error calculating features for frame 21: name 'calculate_angle' is not defined
2024-11-17 20:42:40,043 - ERROR - Error calculating features for frame 22: name 'calculate_angle' is not defined
2024-11-17 20:42:40,043 - ERROR - Error calculating features for frame 23: name 'calculate_angle' is not defined
2024-11-17 20:42:40,043 - ERROR - Error calculating features for frame 24: name 'calculate_angle' is not defined
2024-11-17 20:42:40,043 - ERROR - Error calculating features for frame 25: name 'calculate_angle' is not defined
2024-11-17 20:42:40,043 - ERROR - Error calculating features for frame 26: name 'calculate_angle' is not defined
2024-11-17 20:42:40,043 - ERROR - Error calculating features for frame 27: name 'calculate_angle' is not defined
2024-11-17 20:42:40,043 - ERROR - Error calculating features for frame 28: name 'calculate_angle' is not defined
2024-11-17 20:42:40,043 - ERROR - Error calculating features for frame 29: name 'calculate_angle' is not defined
2024-11-17 20:42:40,043 - ERROR - Error calculating features for frame 30: name 'calculate_angle' is not defined
2024-11-17 20:42:40,043 - ERROR - Error calculating features for frame 31: name 'calculate_angle' is not defined
2024-11-17 20:42:40,043 - ERROR - Error calculating features for frame 32: name 'calculate_angle' is not defined
2024-11-17 20:42:40,043 - ERROR - Error calculating features for frame 33: name 'calculate_angle' is not defined
2024-11-17 20:42:40,043 - ERROR - Error calculating features for frame 34: name 'calculate_angle' is not defined
2024-11-17 20:42:40,044 - ERROR - Error calculating features for frame 35: name 'calculate_angle' is not defined
2024-11-17 20:42:40,044 - ERROR - Error calculating features for frame 36: name 'calculate_angle' is not defined
2024-11-17 20:42:40,044 - ERROR - Error calculating features for frame 37: name 'calculate_angle' is not defined
2024-11-17 20:42:40,044 - ERROR - Error calculating features for frame 38: name 'calculate_angle' is not defined
2024-11-17 20:42:40,044 - ERROR - Error calculating features for frame 39: name 'calculate_angle' is not defined
2024-11-17 20:42:40,044 - ERROR - Error calculating features for frame 40: name 'calculate_angle' is not defined
2024-11-17 20:42:40,044 - ERROR - Error calculating features for frame 41: name 'calculate_angle' is not defined
2024-11-17 20:42:40,044 - ERROR - Error calculating features for frame 42: name 'calculate_angle' is not defined
2024-11-17 20:42:40,044 - ERROR - Error calculating features for frame 43: name 'calculate_angle' is not defined
2024-11-17 20:42:40,044 - ERROR - Error calculating features for frame 44: name 'calculate_angle' is not defined
2024-11-17 20:42:40,044 - ERROR - Error calculating features for frame 45: name 'calculate_angle' is not defined
2024-11-17 20:42:40,044 - ERROR - Error calculating features for frame 46: name 'calculate_angle' is not defined
2024-11-17 20:42:40,044 - ERROR - Error calculating features for frame 47: name 'calculate_angle' is not defined
2024-11-17 20:42:40,044 - ERROR - Error calculating features for frame 48: name 'calculate_angle' is not defined
2024-11-17 20:42:40,044 - ERROR - Error calculating features for frame 49: name 'calculate_angle' is not defined
2024-11-17 20:42:40,044 - ERROR - Error calculating features for frame 50: name 'calculate_angle' is not defined
2024-11-17 20:42:40,044 - ERROR - Error calculating features for frame 51: name 'calculate_angle' is not defined
2024-11-17 20:42:40,044 - ERROR - Error calculating features for frame 52: name 'calculate_angle' is not defined
2024-11-17 20:42:40,044 - ERROR - Error calculating features for frame 53: name 'calculate_angle' is not defined
2024-11-17 20:42:40,044 - ERROR - Error calculating features for frame 54: name 'calculate_angle' is not defined
2024-11-17 20:42:40,044 - ERROR - Error calculating features for frame 55: name 'calculate_angle' is not defined
2024-11-17 20:42:40,044 - ERROR - Error calculating features for frame 56: name 'calculate_angle' is not defined
2024-11-17 20:42:40,045 - ERROR - Error calculating features for frame 57: name 'calculate_angle' is not defined
2024-11-17 20:42:40,045 - ERROR - Error calculating features for frame 58: name 'calculate_angle' is not defined
2024-11-17 20:42:40,045 - ERROR - Error calculating features for frame 59: name 'calculate_angle' is not defined
2024-11-17 20:42:40,045 - ERROR - Error calculating features for frame 60: name 'calculate_angle' is not defined
2024-11-17 20:42:40,045 - ERROR - Error calculating features for frame 61: name 'calculate_angle' is not defined
2024-11-17 20:42:40,045 - ERROR - Error calculating features for frame 62: name 'calculate_angle' is not defined
2024-11-17 20:42:40,045 - ERROR - Error calculating features for frame 63: name 'calculate_angle' is not defined
2024-11-17 20:42:40,045 - ERROR - Error calculating features for frame 64: name 'calculate_angle' is not defined
2024-11-17 20:42:40,045 - ERROR - Error calculating features for frame 65: name 'calculate_angle' is not defined
2024-11-17 20:42:40,045 - ERROR - Error calculating features for frame 66: name 'calculate_angle' is not defined
2024-11-17 20:42:40,045 - ERROR - Error calculating features for frame 67: name 'calculate_angle' is not defined
2024-11-17 20:42:40,045 - ERROR - Error calculating features for frame 68: name 'calculate_angle' is not defined
2024-11-17 20:42:40,045 - ERROR - Error calculating features for frame 69: name 'calculate_angle' is not defined
2024-11-17 20:42:40,045 - ERROR - Error calculating features for frame 70: name 'calculate_angle' is not defined
2024-11-17 20:42:40,045 - ERROR - Error calculating features for frame 71: name 'calculate_angle' is not defined
2024-11-17 20:42:40,045 - ERROR - Error calculating features for frame 72: name 'calculate_angle' is not defined
2024-11-17 20:42:40,045 - ERROR - Error calculating features for frame 73: name 'calculate_angle' is not defined
2024-11-17 20:42:40,045 - ERROR - Error calculating features for frame 74: name 'calculate_angle' is not defined
2024-11-17 20:42:40,045 - ERROR - Error calculating features for frame 75: name 'calculate_angle' is not defined
2024-11-17 20:42:40,045 - ERROR - Error calculating features for frame 76: name 'calculate_angle' is not defined
2024-11-17 20:42:40,045 - ERROR - Error calculating features for frame 77: name 'calculate_angle' is not defined
2024-11-17 20:42:40,045 - ERROR - Error calculating features for frame 78: name 'calculate_angle' is not defined
2024-11-17 20:42:40,045 - ERROR - Error calculating features for frame 79: name 'calculate_angle' is not defined
2024-11-17 20:42:40,046 - ERROR - Error calculating features for frame 80: name 'calculate_angle' is not defined
2024-11-17 20:42:40,046 - ERROR - Error calculating features for frame 81: name 'calculate_angle' is not defined
2024-11-17 20:42:40,046 - ERROR - Error calculating features for frame 82: name 'calculate_angle' is not defined
2024-11-17 20:42:40,046 - ERROR - Error calculating features for frame 83: name 'calculate_angle' is not defined
2024-11-17 20:42:40,046 - ERROR - Error calculating features for frame 84: name 'calculate_angle' is not defined
2024-11-17 20:42:40,046 - ERROR - Error calculating features for frame 85: name 'calculate_angle' is not defined
2024-11-17 20:42:40,046 - ERROR - Error calculating features for frame 86: name 'calculate_angle' is not defined
2024-11-17 20:42:40,046 - ERROR - Error calculating features for frame 87: name 'calculate_angle' is not defined
2024-11-17 20:42:40,046 - ERROR - Error calculating features for frame 88: name 'calculate_angle' is not defined
2024-11-17 20:42:40,046 - ERROR - Error calculating features for frame 89: name 'calculate_angle' is not defined
2024-11-17 20:42:40,046 - ERROR - Error calculating features for frame 90: name 'calculate_angle' is not defined
2024-11-17 20:42:40,046 - ERROR - Error calculating features for frame 91: name 'calculate_angle' is not defined
2024-11-17 20:42:40,046 - ERROR - Error calculating features for frame 92: name 'calculate_angle' is not defined
2024-11-17 20:42:40,046 - ERROR - Error calculating features for frame 93: name 'calculate_angle' is not defined
2024-11-17 20:42:40,046 - ERROR - Error calculating features for frame 94: name 'calculate_angle' is not defined
2024-11-17 20:42:40,046 - ERROR - Error calculating features for frame 95: name 'calculate_angle' is not defined
2024-11-17 20:42:40,046 - ERROR - Error calculating features for frame 96: name 'calculate_angle' is not defined
2024-11-17 20:42:40,046 - ERROR - Error calculating features for frame 97: name 'calculate_angle' is not defined
2024-11-17 20:42:40,046 - ERROR - Error calculating features for frame 98: name 'calculate_angle' is not defined
2024-11-17 20:42:40,046 - ERROR - Error calculating features for frame 99: name 'calculate_angle' is not defined
2024-11-17 20:42:40,046 - ERROR - Error calculating features for frame 100: name 'calculate_angle' is not defined
2024-11-17 20:42:40,046 - ERROR - Error calculating features for frame 101: name 'calculate_angle' is not defined
2024-11-17 20:42:40,046 - ERROR - Error calculating features for frame 102: name 'calculate_angle' is not defined
2024-11-17 20:42:40,047 - ERROR - Error calculating features for frame 103: name 'calculate_angle' is not defined
2024-11-17 20:42:40,047 - ERROR - Error calculating features for frame 104: name 'calculate_angle' is not defined
2024-11-17 20:42:40,047 - ERROR - Error calculating features for frame 105: name 'calculate_angle' is not defined
2024-11-17 20:42:40,047 - ERROR - Error calculating features for frame 106: name 'calculate_angle' is not defined
2024-11-17 20:42:40,047 - ERROR - Error calculating features for frame 107: name 'calculate_angle' is not defined
2024-11-17 20:42:40,047 - ERROR - Error calculating features for frame 108: name 'calculate_angle' is not defined
2024-11-17 20:42:40,047 - ERROR - Error calculating features for frame 109: name 'calculate_angle' is not defined
2024-11-17 20:42:40,047 - ERROR - Error calculating features for frame 110: name 'calculate_angle' is not defined
2024-11-17 20:42:40,047 - ERROR - Error calculating features for frame 111: name 'calculate_angle' is not defined
2024-11-17 20:42:40,047 - ERROR - Error calculating features for frame 112: name 'calculate_angle' is not defined
2024-11-17 20:42:40,047 - ERROR - Error calculating features for frame 113: name 'calculate_angle' is not defined
2024-11-17 20:42:40,047 - ERROR - Error calculating features for frame 114: name 'calculate_angle' is not defined
2024-11-17 20:42:40,047 - ERROR - Error calculating features for frame 115: name 'calculate_angle' is not defined
2024-11-17 20:42:40,047 - ERROR - Error calculating features for frame 116: name 'calculate_angle' is not defined
2024-11-17 20:42:40,047 - ERROR - Error calculating features for frame 117: name 'calculate_angle' is not defined
2024-11-17 20:42:40,047 - ERROR - Error calculating features for frame 118: name 'calculate_angle' is not defined
2024-11-17 20:42:40,047 - ERROR - Error calculating features for frame 119: name 'calculate_angle' is not defined
2024-11-17 20:42:40,047 - ERROR - Error calculating features for frame 120: name 'calculate_angle' is not defined
2024-11-17 20:42:40,047 - ERROR - Error calculating features for frame 121: name 'calculate_angle' is not defined
2024-11-17 20:42:40,047 - ERROR - Error calculating features for frame 122: name 'calculate_angle' is not defined
2024-11-17 20:42:40,047 - ERROR - Error calculating features for frame 123: name 'calculate_angle' is not defined
2024-11-17 20:42:40,047 - ERROR - Error calculating features for frame 124: name 'calculate_angle' is not defined
2024-11-17 20:42:40,048 - ERROR - Error calculating features for frame 125: name 'calculate_angle' is not defined
2024-11-17 20:42:40,048 - ERROR - Error calculating features for frame 126: name 'calculate_angle' is not defined
2024-11-17 20:42:40,048 - ERROR - Error calculating features for frame 127: name 'calculate_angle' is not defined
2024-11-17 20:42:40,048 - ERROR - Error calculating features for frame 128: name 'calculate_angle' is not defined
2024-11-17 20:42:40,048 - ERROR - Error calculating features for frame 129: name 'calculate_angle' is not defined
2024-11-17 20:42:40,048 - ERROR - Error calculating features for frame 130: name 'calculate_angle' is not defined
2024-11-17 20:42:40,048 - ERROR - Error calculating features for frame 131: name 'calculate_angle' is not defined
2024-11-17 20:42:40,048 - ERROR - Error calculating features for frame 132: name 'calculate_angle' is not defined
2024-11-17 20:42:40,048 - ERROR - Error calculating features for frame 133: name 'calculate_angle' is not defined
2024-11-17 20:42:40,048 - ERROR - Error calculating features for frame 134: name 'calculate_angle' is not defined
2024-11-17 20:42:40,048 - ERROR - Error calculating features for frame 135: name 'calculate_angle' is not defined
2024-11-17 20:42:40,048 - ERROR - Error calculating features for frame 136: name 'calculate_angle' is not defined
2024-11-17 20:42:40,048 - ERROR - Error calculating features for frame 137: name 'calculate_angle' is not defined
2024-11-17 20:42:40,048 - ERROR - Error calculating features for frame 138: name 'calculate_angle' is not defined
2024-11-17 20:42:40,048 - ERROR - Error calculating features for frame 139: name 'calculate_angle' is not defined
2024-11-17 20:42:40,048 - ERROR - Error calculating features for frame 140: name 'calculate_angle' is not defined
2024-11-17 20:42:40,048 - ERROR - Error calculating features for frame 141: name 'calculate_angle' is not defined
2024-11-17 20:42:40,048 - ERROR - Error in main function: No valid features calculated from one or both sequences
